<?xml version="1.0" encoding="UTF-8"?>
<!-- Generated by org.testng.reporters.JUnitReportReporter -->
<testsuite skipped="0" hostname="JAI" name="TestApplication.TestApplication.Example" tests="3" failures="0" timestamp="01 Jul 2019 10:32:10 GMT" time="13.598" errors="0">
  <testcase name="testMethod" time="5.235" classname="TestApplication.TestApplication.Example"/>
  <testcase name="testMethod" time="4.294" classname="TestApplication.TestApplication.Example"/>
  <testcase name="testMethod" time="4.069" classname="TestApplication.TestApplication.Example"/>
</testsuite> <!-- TestApplication.TestApplication.Example -->
