<?xml version="1.0" encoding="UTF-8"?>
<!-- Generated by org.testng.reporters.JUnitReportReporter -->
<testsuite skipped="0" hostname="JAI" name="TestApplication.TestApplication.DataDrivenForMultiUser" tests="4" failures="0" timestamp="02 Jul 2019 09:18:45 GMT" time="149.776" errors="0">
  <testcase name="Registration_data" time="45.784" classname="TestApplication.TestApplication.DataDrivenForMultiUser"/>
  <testcase name="Registration_data" time="24.073" classname="TestApplication.TestApplication.DataDrivenForMultiUser"/>
  <testcase name="Registration_data" time="46.006" classname="TestApplication.TestApplication.DataDrivenForMultiUser"/>
  <testcase name="Registration_data" time="33.913" classname="TestApplication.TestApplication.DataDrivenForMultiUser"/>
</testsuite> <!-- TestApplication.TestApplication.DataDrivenForMultiUser -->
