<?xml version="1.0" encoding="UTF-8"?>
<!-- Generated by org.testng.reporters.JUnitReportReporter -->
<testsuite skipped="0" hostname="JAI" name="TestApplication.TestApplication.TestNgParameterization" tests="2" failures="0" timestamp="02 Jul 2019 11:05:17 GMT" time="80.571" errors="0">
  <testcase name="Registration_data" time="23.416" classname="TestApplication.TestApplication.TestNgParameterization"/>
  <testcase name="Registration_data" time="57.155" classname="TestApplication.TestApplication.TestNgParameterization"/>
</testsuite> <!-- TestApplication.TestApplication.TestNgParameterization -->
