<?xml version="1.0" encoding="UTF-8"?>
<!-- Generated by org.testng.reporters.JUnitReportReporter -->
<testsuite skipped="0" hostname="JAI" name="TestApplication.TestApplication.DataDrivenForMultiUser" tests="2" failures="0" timestamp="02 Jul 2019 07:09:26 GMT" time="26.319" errors="0">
  <testcase name="Registration_data" time="10.884" classname="TestApplication.TestApplication.DataDrivenForMultiUser"/>
  <testcase name="Registration_data" time="15.435" classname="TestApplication.TestApplication.DataDrivenForMultiUser"/>
</testsuite> <!-- TestApplication.TestApplication.DataDrivenForMultiUser -->
