<?xml version="1.0" encoding="UTF-8"?>
<!-- Generated by org.testng.reporters.JUnitReportReporter -->
<testsuite skipped="0" hostname="JAI" name="TestApplication.TestApplication.AngularApplicationWithoutProtractor" tests="1" failures="0" timestamp="02 Jul 2019 12:18:09 GMT" time="19.539" errors="0">
  <testcase name="SampleTest" time="19.539" classname="TestApplication.TestApplication.AngularApplicationWithoutProtractor"/>
</testsuite> <!-- TestApplication.TestApplication.AngularApplicationWithoutProtractor -->
