<?xml version="1.0" encoding="UTF-8"?>
<!-- Generated by org.testng.reporters.JUnitReportReporter -->
<testsuite skipped="0" hostname="JAI" name="TestApplication.TestApplication.DataDrivenToRunTestCasesAsMentionedInSheet" tests="1" failures="0" timestamp="02 Jul 2019 07:15:47 GMT" time="35.109" errors="0">
  <testcase name="Registration_data" time="35.109" classname="TestApplication.TestApplication.DataDrivenToRunTestCasesAsMentionedInSheet"/>
</testsuite> <!-- TestApplication.TestApplication.DataDrivenToRunTestCasesAsMentionedInSheet -->
