<?xml version="1.0" encoding="UTF-8"?>
<!-- Generated by org.testng.reporters.JUnitReportReporter -->
<testsuite skipped="0" hostname="JAI" name="TestApplication.TestApplication.ParallelExecutionTestng" tests="2" failures="0" timestamp="03 Jul 2019 07:10:08 GMT" time="11.456" errors="0">
  <testcase name="executeSessionTwo" time="6.294" classname="TestApplication.TestApplication.ParallelExecutionTestng"/>
  <testcase name="executSessionOne" time="5.162" classname="TestApplication.TestApplication.ParallelExecutionTestng"/>
</testsuite> <!-- TestApplication.TestApplication.ParallelExecutionTestng -->
