<?xml version="1.0" encoding="UTF-8"?>
<!-- Generated by org.testng.reporters.JUnitReportReporter -->
<testsuite skipped="0" hostname="JAI" name="TestApplication.TestApplication.DataProviderWithExcel_002" tests="2" failures="0" timestamp="02 Jul 2019 06:46:40 GMT" time="107.692" errors="0">
  <testcase name="Registration_data" time="47.998" classname="TestApplication.TestApplication.DataProviderWithExcel_002"/>
  <testcase name="Registration_data" time="59.694" classname="TestApplication.TestApplication.DataProviderWithExcel_002"/>
</testsuite> <!-- TestApplication.TestApplication.DataProviderWithExcel_002 -->
