<?xml version="1.0" encoding="UTF-8"?>
<!-- Generated by org.testng.reporters.JUnitReportReporter -->
<testsuite skipped="0" hostname="JAI" name="TestApplication.TestApplication.GrouppingTestNg$TC_Class1" tests="5" failures="0" timestamp="03 Jul 2019 07:57:09 GMT" time="15.818" errors="0">
  <testcase name="tc03EnterCredentials" time="5.511" classname="TestApplication.TestApplication.GrouppingTestNg$TC_Class1"/>
  <testcase name="tc05VerifyHyperlinks" time="0.103" classname="TestApplication.TestApplication.GrouppingTestNg$TC_Class1"/>
  <testcase name="tc01LaunchURL" time="9.990" classname="TestApplication.TestApplication.GrouppingTestNg$TC_Class1"/>
  <testcase name="tc02VerifyLaunchPage" time="0.125" classname="TestApplication.TestApplication.GrouppingTestNg$TC_Class1"/>
  <testcase name="tc04VerifyLoggedInPage" time="0.089" classname="TestApplication.TestApplication.GrouppingTestNg$TC_Class1"/>
</testsuite> <!-- TestApplication.TestApplication.GrouppingTestNg$TC_Class1 -->
